SF:lib\models\game.model.dart
DA:12,1
DA:38,0
DA:39,0
DA:40,2
DA:43,1
DA:44,3
DA:45,2
DA:47,1
DA:52,1
DA:53,2
DA:54,2
DA:55,1
DA:61,1
DA:62,2
DA:63,1
DA:64,1
DA:65,1
DA:66,1
DA:68,1
DA:73,1
DA:74,3
DA:75,2
DA:77,1
DA:82,1
DA:83,3
DA:87,1
DA:88,3
DA:89,2
DA:92,7
DA:96,1
DA:97,1
DA:101,1
DA:102,1
DA:103,2
DA:104,1
DA:110,0
DA:112,0
LF:37
LH:33
end_of_record
SF:lib\models\game.model.g.dart
DA:9,0
DA:10,0
DA:11,0
DA:12,0
DA:13,0
DA:14,0
DA:15,0
DA:17,0
DA:18,0
DA:19,0
DA:20,0
DA:21,0
DA:22,0
LF:13
LH:0
end_of_record
SF:lib\models\prompt.model.dart
DA:10,1
DA:12,2
DA:13,0
DA:14,0
DA:16,0
DA:17,0
DA:21,1
DA:22,1
DA:26,0
DA:27,0
DA:28,0
DA:29,0
DA:33,1
DA:34,1
DA:35,1
DA:36,2
DA:37,2
DA:38,1
DA:39,1
DA:40,1
DA:43,3
DA:45,1
LF:22
LH:14
end_of_record
SF:lib\shared\utils.dart
DA:8,0
DA:9,0
DA:10,0
DA:11,0
DA:12,0
DA:13,0
DA:14,0
DA:15,0
DA:16,0
DA:17,0
DA:18,0
DA:19,0
DA:20,0
DA:21,0
DA:22,0
DA:26,0
DA:27,0
DA:28,0
DA:32,0
DA:33,0
DA:34,0
DA:37,0
DA:43,1
DA:46,1
DA:47,1
DA:49,2
DA:50,3
DA:56,1
DA:57,1
DA:58,2
DA:59,3
DA:65,1
DA:66,4
DA:70,0
DA:72,0
DA:73,0
DA:74,0
DA:75,0
DA:76,0
DA:77,0
DA:78,0
DA:79,0
DA:80,0
DA:81,0
DA:82,0
DA:83,0
DA:84,0
DA:85,0
DA:86,0
DA:87,0
DA:88,0
DA:89,0
DA:90,0
DA:91,0
DA:92,0
DA:93,0
DA:94,0
DA:95,0
DA:96,0
DA:97,0
DA:98,0
DA:99,0
DA:100,0
DA:101,0
DA:102,0
DA:103,0
DA:104,0
DA:105,0
DA:106,0
DA:107,0
DA:108,0
DA:109,0
DA:110,0
DA:111,0
DA:112,0
DA:113,0
DA:114,0
DA:115,0
DA:116,0
DA:117,0
DA:118,0
DA:119,0
DA:120,0
DA:121,0
LF:84
LH:11
end_of_record
SF:lib\services\prompt.service.dart
DA:17,0
DA:18,0
DA:20,0
DA:22,0
DA:23,0
DA:26,0
DA:27,0
DA:28,0
DA:32,0
DA:37,0
DA:39,0
DA:40,0
DA:41,0
DA:42,0
DA:43,0
DA:47,0
DA:49,0
DA:50,0
DA:51,0
DA:52,0
DA:53,0
DA:54,0
DA:55,0
DA:59,0
DA:63,0
DA:64,0
DA:67,0
DA:68,0
DA:69,0
DA:70,0
DA:73,0
DA:77,0
DA:78,0
DA:79,0
DA:82,0
DA:84,0
DA:85,0
DA:86,0
DA:87,0
DA:88,0
DA:91,0
DA:92,0
DA:94,0
DA:98,0
DA:100,0
DA:101,0
DA:102,0
DA:103,0
DA:104,0
DA:107,0
DA:108,0
DA:111,0
DA:113,0
DA:114,0
DA:115,0
DA:118,0
DA:119,0
DA:122,0
DA:123,0
DA:126,0
DA:127,0
DA:130,0
DA:131,0
DA:134,0
DA:136,0
LF:65
LH:0
end_of_record
SF:lib\services\firestore.service.dart
DA:8,0
DA:9,0
DA:12,0
DA:13,0
LF:4
LH:0
end_of_record
