SF:lib\models\game.model.dart
DA:11,1
DA:39,0
DA:40,0
DA:43,0
DA:44,0
DA:47,1
DA:48,1
DA:52,1
DA:53,3
DA:54,2
DA:56,1
DA:61,1
DA:62,2
DA:63,2
DA:64,1
DA:70,1
DA:71,2
DA:72,1
DA:73,1
DA:74,1
DA:75,1
DA:77,1
DA:82,1
DA:83,3
DA:84,2
DA:86,1
DA:92,1
DA:93,3
DA:94,2
DA:97,7
DA:101,1
DA:102,1
DA:103,2
DA:104,1
DA:110,0
DA:112,0
LF:36
LH:30
end_of_record
SF:lib\models\game.model.g.dart
DA:9,0
DA:10,0
DA:12,0
DA:13,0
DA:14,0
DA:15,0
DA:16,0
DA:17,0
DA:19,0
DA:20,0
DA:21,0
DA:22,0
DA:23,0
DA:24,0
LF:14
LH:0
end_of_record
SF:lib\models\prompt.model.dart
DA:9,1
DA:11,1
DA:12,1
DA:15,0
DA:16,0
DA:19,1
DA:20,1
DA:24,1
DA:25,1
DA:26,1
DA:27,2
DA:28,2
DA:29,1
DA:30,1
DA:31,1
DA:34,2
DA:36,1
LF:17
LH:15
end_of_record
SF:lib\shared\utils.dart
DA:5,0
DA:6,0
DA:7,0
DA:8,0
DA:9,0
DA:10,0
DA:11,0
DA:12,0
DA:13,0
DA:14,0
DA:15,0
DA:16,0
DA:17,0
DA:18,0
DA:19,0
DA:22,0
DA:23,0
DA:24,0
DA:28,0
DA:29,0
DA:30,0
DA:33,0
DA:39,1
DA:42,1
DA:43,1
DA:45,2
DA:46,3
DA:52,1
DA:53,1
DA:54,2
DA:55,3
DA:61,1
DA:62,4
LF:33
LH:11
end_of_record
SF:lib\services\prompt.service.dart
DA:11,0
DA:12,0
DA:18,0
DA:19,0
DA:23,0
DA:25,0
DA:26,0
DA:27,0
DA:28,0
DA:31,0
DA:34,0
DA:35,0
DA:36,0
DA:39,0
DA:41,0
DA:42,0
DA:43,0
DA:44,0
DA:45,0
DA:48,0
DA:49,0
DA:52,0
DA:53,0
DA:54,0
DA:55,0
DA:58,0
DA:59,0
LF:27
LH:0
end_of_record
